<?xml version="1.0" encoding="UTF-8" ?>
<testsuite tests="249" failures="0" name="br.com.contmatic.empresa.TestRunner" time="0.031" errors="0" skipped="1">
  <properties>
    <property name="java.runtime.name" value="Java(TM) SE Runtime Environment"/>
    <property name="sun.boot.library.path" value="C:\Program Files\Java\jdk1.8.0_221\jre\bin"/>
    <property name="java.vm.version" value="25.221-b11"/>
    <property name="java.vm.vendor" value="Oracle Corporation"/>
    <property name="maven.multiModuleProjectDirectory" value="C:\git\prova\prova01"/>
    <property name="java.vendor.url" value="http://java.oracle.com/"/>
    <property name="path.separator" value=";"/>
    <property name="guice.disable.misplaced.annotation.check" value="true"/>
    <property name="java.vm.name" value="Java HotSpot(TM) 64-Bit Server VM"/>
    <property name="file.encoding.pkg" value="sun.io"/>
    <property name="user.script" value=""/>
    <property name="user.country" value="BR"/>
    <property name="sun.java.launcher" value="SUN_STANDARD"/>
    <property name="sun.os.patch.level" value=""/>
    <property name="java.vm.specification.name" value="Java Virtual Machine Specification"/>
    <property name="user.dir" value="C:\git\prova\prova01"/>
    <property name="java.runtime.version" value="1.8.0_221-b11"/>
    <property name="java.awt.graphicsenv" value="sun.awt.Win32GraphicsEnvironment"/>
    <property name="java.endorsed.dirs" value="C:\Program Files\Java\jdk1.8.0_221\jre\lib\endorsed"/>
    <property name="os.arch" value="amd64"/>
    <property name="java.io.tmpdir" value="C:\Users\LUCAS~1.SIL\AppData\Local\Temp\"/>
    <property name="line.separator" value="
"/>
    <property name="java.vm.specification.vendor" value="Oracle Corporation"/>
    <property name="user.variant" value=""/>
    <property name="os.name" value="Windows 10"/>
    <property name="classworlds.conf" value="C:\Users\lucas.silva\Documents\workspace-sts-3.9.9.RELEASE\.metadata\.plugins\org.eclipse.m2e.launching\launches\m2conf1527078017526853930.tmp"/>
    <property name="jansi.force" value="true"/>
    <property name="sun.jnu.encoding" value="Cp1252"/>
    <property name="java.library.path" value="C:\Program Files\Java\jdk1.8.0_221\bin;C:\WINDOWS\Sun\Java\bin;C:\WINDOWS\system32;C:\WINDOWS;C:/Program Files/Java/jre1.8.0_221/bin/server;C:/Program Files/Java/jre1.8.0_221/bin;C:/Program Files/Java/jre1.8.0_221/lib/amd64;C:\Program Files (x86)\Common Files\Oracle\Java\javapath;C:\WINDOWS\system32;C:\WINDOWS;C:\WINDOWS\System32\Wbem;C:\WINDOWS\System32\WindowsPowerShell\v1.0\;C:\WINDOWS\System32\OpenSSH\;C:\Users\lucas.silva\AppData\Local\Microsoft\WindowsApps;;C:\Users\lucas.silva\Desktop\sts-bundle\sts-3.9.9.RELEASE;;."/>
    <property name="jansi.passthrough" value="true"/>
    <property name="java.specification.name" value="Java Platform API Specification"/>
    <property name="java.class.version" value="52.0"/>
    <property name="sun.management.compiler" value="HotSpot 64-Bit Tiered Compilers"/>
    <property name="os.version" value="10.0"/>
    <property name="user.home" value="C:\Users\lucas.silva"/>
    <property name="user.timezone" value="America/Sao_Paulo"/>
    <property name="java.awt.printerjob" value="sun.awt.windows.WPrinterJob"/>
    <property name="java.specification.version" value="1.8"/>
    <property name="file.encoding" value="UTF-8"/>
    <property name="user.name" value="lucas.silva"/>
    <property name="java.class.path" value="C:\Users\lucas.silva\Desktop\sts-bundle\sts-3.9.9.RELEASE\plugins\org.eclipse.m2e.maven.runtime_1.12.0.20190529-1915\jars\plexus-classworlds-2.6.0.jar"/>
    <property name="java.vm.specification.version" value="1.8"/>
    <property name="sun.arch.data.model" value="64"/>
    <property name="java.home" value="C:\Program Files\Java\jdk1.8.0_221\jre"/>
    <property name="sun.java.command" value="org.codehaus.plexus.classworlds.launcher.Launcher -B install -Dstyle.color=always"/>
    <property name="java.specification.vendor" value="Oracle Corporation"/>
    <property name="user.language" value="pt"/>
    <property name="awt.toolkit" value="sun.awt.windows.WToolkit"/>
    <property name="java.vm.info" value="mixed mode"/>
    <property name="java.version" value="1.8.0_221"/>
    <property name="java.ext.dirs" value="C:\Program Files\Java\jdk1.8.0_221\jre\lib\ext;C:\WINDOWS\Sun\Java\lib\ext"/>
    <property name="sun.boot.class.path" value="C:\Program Files\Java\jdk1.8.0_221\jre\lib\resources.jar;C:\Program Files\Java\jdk1.8.0_221\jre\lib\rt.jar;C:\Program Files\Java\jdk1.8.0_221\jre\lib\sunrsasign.jar;C:\Program Files\Java\jdk1.8.0_221\jre\lib\jsse.jar;C:\Program Files\Java\jdk1.8.0_221\jre\lib\jce.jar;C:\Program Files\Java\jdk1.8.0_221\jre\lib\charsets.jar;C:\Program Files\Java\jdk1.8.0_221\jre\lib\jfr.jar;C:\Program Files\Java\jdk1.8.0_221\jre\classes"/>
    <property name="java.vendor" value="Oracle Corporation"/>
    <property name="maven.home" value="C:\git\prova\prova01\EMBEDDED"/>
    <property name="style.color" value="always"/>
    <property name="file.separator" value="\"/>
    <property name="java.vendor.url.bug" value="http://bugreport.sun.com/bugreport/"/>
    <property name="sun.cpu.endian" value="little"/>
    <property name="sun.io.unicode.encoding" value="UnicodeLittle"/>
    <property name="sun.desktop" value="windows"/>
    <property name="sun.cpu.isalist" value="amd64"/>
  </properties>
  <testcase classname="br.com.contmatic.empresa.ClienteTest" name="nao_deve_aceitar_cpf_com_menos_de_11_digitos" time="0"/>
  <testcase classname="br.com.contmatic.empresa.ClienteTest" name="nao_deve_aceitar_cpf_com_numeros_iguais_quatro" time="0"/>
  <testcase classname="br.com.contmatic.empresa.ClienteTest" name="nao_deve_aceitar_sobrenome_com_apenas_uma_leta" time="0"/>
  <testcase classname="br.com.contmatic.empresa.ClienteTest" name="nao_deve_aceitar_nome_com_numero_e_letras" time="0"/>
  <testcase classname="br.com.contmatic.empresa.ClienteTest" name="deve_apontar_cpf_invalido" time="0"/>
  <testcase classname="br.com.contmatic.empresa.ClienteTest" name="nao_deve_aceitar_cpf_com_mais_de_11_digitos" time="0"/>
  <testcase classname="br.com.contmatic.empresa.ClienteTest" name="deve_apontar_igualdade_email" time="0"/>
  <testcase classname="br.com.contmatic.empresa.ClienteTest" name="nao_deve_aceitar_nome_vazio" time="0"/>
  <testcase classname="br.com.contmatic.empresa.ClienteTest" name="nao_deve_aceitar_nome_com_apenas_uma_leta" time="0"/>
  <testcase classname="br.com.contmatic.empresa.ClienteTest" name="nao_deve_aceitar_cpf_com_numeros_iguais_dois" time="0"/>
  <testcase classname="br.com.contmatic.empresa.ClienteTest" name="nao_deve_aceitar_cpf_com_numeros_iguais_nove" time="0"/>
  <testcase classname="br.com.contmatic.empresa.ClienteTest" name="nao_deve_aceitar_cpf_com_numeros_iguais_oito" time="0"/>
  <testcase classname="br.com.contmatic.empresa.ClienteTest" name="nao_deve_aceitar_cpf_com_numeros_iguais_seis" time="0"/>
  <testcase classname="br.com.contmatic.empresa.ClienteTest" name="nao_deve_aceitar_cpf_com_numeros_iguais_sete" time="0"/>
  <testcase classname="br.com.contmatic.empresa.ClienteTest" name="nao_deve_aceitar_cpf_com_numeros_iguais_tres" time="0"/>
  <testcase classname="br.com.contmatic.empresa.ClienteTest" name="nao_deve_aceitar_cpf_com_numeros_iguais_zero" time="0"/>
  <testcase classname="br.com.contmatic.empresa.ClienteTest" name="deve_apresentar_os_dados_do_cliente_com_alteracoes" time="0"/>
  <testcase classname="br.com.contmatic.empresa.ClienteTest" name="nao_deve_aceitar_nome_apenas_com_numeros" time="0"/>
  <testcase classname="br.com.contmatic.empresa.ClienteTest" name="nao_deve_apontar_igualdade_email" time="0"/>
  <testcase classname="br.com.contmatic.empresa.ClienteTest" name="nao_deve_aceitar_nome_em_branco" time="0"/>
  <testcase classname="br.com.contmatic.empresa.ClienteTest" name="deve_aceitar_nome_valido" time="0"/>
  <testcase classname="br.com.contmatic.empresa.ClienteTest" name="deve_apontar_igualdade_de_objetos_utilizando_hashcode" time="0"/>
  <testcase classname="br.com.contmatic.empresa.ClienteTest" name="nao_deve_aceitar_cpf_com_numeros_iguais_cinco" time="0"/>
  <testcase classname="br.com.contmatic.empresa.ClienteTest" name="nao_deve_apontar_igualdade_de_objetos_utilizando_equals" time="0"/>
  <testcase classname="br.com.contmatic.empresa.ClienteTest" name="nao_deve_aceitar_cpf_com_numeros_iguais_um" time="0"/>
  <testcase classname="br.com.contmatic.empresa.ClienteTest" name="nao_deve_aceitar_cpf_nulo" time="0"/>
  <testcase classname="br.com.contmatic.empresa.ClienteTest" name="nao_deve_apontar_igualdade_cpf" time="0"/>
  <testcase classname="br.com.contmatic.empresa.ClienteTest" name="nao_deve_aceitar_nome_nulo" time="0"/>
  <testcase classname="br.com.contmatic.empresa.ClienteTest" name="nao_deve_aceitar_email_vazio" time="0"/>
  <testcase classname="br.com.contmatic.empresa.ClienteTest" name="nao_deve_aceitar_sobrenome_apenas_com_numeros" time="0"/>
  <testcase classname="br.com.contmatic.empresa.ClienteTest" name="nao_deve_aceitar_sobrenome_maior_que_30_caracteres" time="0"/>
  <testcase classname="br.com.contmatic.empresa.ClienteTest" name="deve_apontar_igualdade_de_objetos_utilizando_equals" time="0"/>
  <testcase classname="br.com.contmatic.empresa.ClienteTest" name="deve_apontar_igualdade_nome" time="0"/>
  <testcase classname="br.com.contmatic.empresa.ClienteTest" name="nao_deve_aceitar_email_nulo" time="0.015"/>
  <testcase classname="br.com.contmatic.empresa.ClienteTest" name="nao_deve_apontar_igualdade_de_objetos_utilizando_hashcode" time="0"/>
  <testcase classname="br.com.contmatic.empresa.ClienteTest" name="nao_deve_aceitar_sobrenome_nulo" time="0"/>
  <testcase classname="br.com.contmatic.empresa.ClienteTest" name="deve_apresentar_os_dados_do_cliente_no_console" time="0"/>
  <testcase classname="br.com.contmatic.empresa.ClienteTest" name="deve_apontar_igualdade_sobrenome" time="0"/>
  <testcase classname="br.com.contmatic.empresa.ClienteTest" name="nao_deve_aceitar_cpf_com_numero_e_letras" time="0"/>
  <testcase classname="br.com.contmatic.empresa.ClienteTest" name="nao_deve_apontar_igualdade_sobrenome" time="0"/>
  <testcase classname="br.com.contmatic.empresa.ClienteTest" name="deve_apontar_igualdade_cpf" time="0"/>
  <testcase classname="br.com.contmatic.empresa.ClienteTest" name="nao_deve_aceitar_sobrenome_em_branco" time="0"/>
  <testcase classname="br.com.contmatic.empresa.ClienteTest" name="deve_apontar_cpf_valido" time="0"/>
  <testcase classname="br.com.contmatic.empresa.ClienteTest" name="nao_deve_aceitar_email_em_branco" time="0"/>
  <testcase classname="br.com.contmatic.empresa.ClienteTest" name="deve_aceitar_email_valido" time="0"/>
  <testcase classname="br.com.contmatic.empresa.ClienteTest" name="nao_deve_aceitar_email_invalido" time="0"/>
  <testcase classname="br.com.contmatic.empresa.ClienteTest" name="nao_deve_aceitar_cpf_vazio" time="0"/>
  <testcase classname="br.com.contmatic.empresa.ClienteTest" name="nao_deve_aceitar_cpf_apenas_com_letras" time="0"/>
  <testcase classname="br.com.contmatic.empresa.ClienteTest" name="nao_deve_aceitar_cpf_em_branco" time="0"/>
  <testcase classname="br.com.contmatic.empresa.ClienteTest" name="nao_deve_aceitar_sobrenome_com_numero_e_letras" time="0"/>
  <testcase classname="br.com.contmatic.empresa.ClienteTest" name="nao_deve_aceitar_sobrenome_vazio" time="0"/>
  <testcase classname="br.com.contmatic.empresa.ClienteTest" name="nao_deve_apontar_igualdade_nome" time="0"/>
  <testcase classname="br.com.contmatic.empresa.ClienteTest" name="nao_deve_aceitar_nome_maior_que_15_caracteres" time="0"/>
  <testcase classname="br.com.contmatic.empresa.EmpresaTest" name="nao_deve_aceitar_razaoSocial_vazio" time="0"/>
  <testcase classname="br.com.contmatic.empresa.EmpresaTest" name="nao_deve_aceitar_numeroFuncionarios_com_numeros_invalidos" time="0"/>
  <testcase classname="br.com.contmatic.empresa.EmpresaTest" name="nao_deve_aceitar_cnpj_com_numeros_iguais_dois" time="0"/>
  <testcase classname="br.com.contmatic.empresa.EmpresaTest" name="nao_deve_aceitar_cnpj_com_numeros_iguais_nove" time="0"/>
  <testcase classname="br.com.contmatic.empresa.EmpresaTest" name="nao_deve_aceitar_cnpj_com_numeros_iguais_oito" time="0"/>
  <testcase classname="br.com.contmatic.empresa.EmpresaTest" name="nao_deve_aceitar_cnpj_com_numeros_iguais_seis" time="0"/>
  <testcase classname="br.com.contmatic.empresa.EmpresaTest" name="nao_deve_aceitar_cnpj_com_numeros_iguais_sete" time="0"/>
  <testcase classname="br.com.contmatic.empresa.EmpresaTest" name="nao_deve_aceitar_cnpj_com_numeros_iguais_tres" time="0"/>
  <testcase classname="br.com.contmatic.empresa.EmpresaTest" name="nao_deve_aceitar_cnpj_com_numeros_iguais_zero" time="0"/>
  <testcase classname="br.com.contmatic.empresa.EmpresaTest" name="nao_deve_aceitar_areaAtuacao_vazio" time="0"/>
  <testcase classname="br.com.contmatic.empresa.EmpresaTest" name="nao_deve_aceitar_razaoSocial_em_branco" time="0"/>
  <testcase classname="br.com.contmatic.empresa.EmpresaTest" name="nao_deve_aceitar_areaAtuacao_invalido" time="0"/>
  <testcase classname="br.com.contmatic.empresa.EmpresaTest" name="deve_apontar_cnpj_valido" time="0"/>
  <testcase classname="br.com.contmatic.empresa.EmpresaTest" name="nao_deve_aceitar_cnpj_nulo" time="0"/>
  <testcase classname="br.com.contmatic.empresa.EmpresaTest" name="nao_deve_aceitar_numeroFuncionarios_com_letras" time="0"/>
  <testcase classname="br.com.contmatic.empresa.EmpresaTest" name="deve_ignorar_este_teste" time="0">
    <skipped/>
  </testcase>
  <testcase classname="br.com.contmatic.empresa.EmpresaTest" name="deve_apontar_igualdade_numeroFuncionarios" time="0"/>
  <testcase classname="br.com.contmatic.empresa.EmpresaTest" name="deve_apontar_igualdade_de_objetos_utilizando_hashcode" time="0"/>
  <testcase classname="br.com.contmatic.empresa.EmpresaTest" name="nao_deve_apontar_igualdade_de_objetos_utilizando_equals" time="0"/>
  <testcase classname="br.com.contmatic.empresa.EmpresaTest" name="deve_apontar_cnpj_invalido" time="0"/>
  <testcase classname="br.com.contmatic.empresa.EmpresaTest" name="nao_deve_aceitar_cnpj_vazio" time="0"/>
  <testcase classname="br.com.contmatic.empresa.EmpresaTest" name="nao_deve_aceitar_numeroFuncionarios_abaixo_do_permitido" time="0"/>
  <testcase classname="br.com.contmatic.empresa.EmpresaTest" name="nao_deve_aceitar_razaoSocial_nula" time="0"/>
  <testcase classname="br.com.contmatic.empresa.EmpresaTest" name="nao_deve_apontar_igualdade_numFuncionarios" time="0"/>
  <testcase classname="br.com.contmatic.empresa.EmpresaTest" name="deve_apontar_igualdade_de_objetos_utilizando_equals" time="0"/>
  <testcase classname="br.com.contmatic.empresa.EmpresaTest" name="deve_apontar_igualdade_cnpj" time="0"/>
  <testcase classname="br.com.contmatic.empresa.EmpresaTest" name="deve_aceitar_razao_social_valida" time="0"/>
  <testcase classname="br.com.contmatic.empresa.EmpresaTest" name="deve_apresentar_os_dados_da_empresa_no_console" time="0"/>
  <testcase classname="br.com.contmatic.empresa.EmpresaTest" name="nao_deve_apontar_igualdade_de_objetos_utilizando_hashcode" time="0"/>
  <testcase classname="br.com.contmatic.empresa.EmpresaTest" name="nao_deve_apontar_igualdade_nomeFantasia" time="0"/>
  <testcase classname="br.com.contmatic.empresa.EmpresaTest" name="deve_apresentar_os_dados_da_empresa_com_alteracoes" time="0"/>
  <testcase classname="br.com.contmatic.empresa.EmpresaTest" name="nao_deve_aceitar_cnpj_com_mais_de_14_digitos" time="0"/>
  <testcase classname="br.com.contmatic.empresa.EmpresaTest" name="nao_deve_aceitar_cnpj_em_branco" time="0"/>
  <testcase classname="br.com.contmatic.empresa.EmpresaTest" name="deve_apontar_igualdade_nomeFantasia" time="0"/>
  <testcase classname="br.com.contmatic.empresa.EmpresaTest" name="nao_deve_aceitar_cnpj_com_menos_de_14_digitos" time="0"/>
  <testcase classname="br.com.contmatic.empresa.EmpresaTest" name="nao_deve_aceitar_cnpj_com_numeros_iguais_quatro" time="0"/>
  <testcase classname="br.com.contmatic.empresa.EmpresaTest" name="nao_deve_aceitar_cnpj_com_numeros_iguais_um" time="0"/>
  <testcase classname="br.com.contmatic.empresa.EmpresaTest" name="nao_deve_aceitar_numeroFuncionarios_com_mais_digitos_que_o_permitido" time="0"/>
  <testcase classname="br.com.contmatic.empresa.EmpresaTest" name="nao_deve_apontar_igualdade_areaAtuacao" time="0"/>
  <testcase classname="br.com.contmatic.empresa.EmpresaTest" name="nao_deve_aceitar_cnpj_apenas_com_letras" time="0"/>
  <testcase classname="br.com.contmatic.empresa.EmpresaTest" name="nao_deve_aceitar_nomeFantasia_invalido" time="0"/>
  <testcase classname="br.com.contmatic.empresa.EmpresaTest" name="nao_deve_apontar_igualdade_razaoSocial" time="0"/>
  <testcase classname="br.com.contmatic.empresa.EmpresaTest" name="nao_deve_aceitar_numumeroFuncionarios_nulo" time="0"/>
  <testcase classname="br.com.contmatic.empresa.EmpresaTest" name="nao_deve_aceitar_cnpj_com_numero_e_letras" time="0"/>
  <testcase classname="br.com.contmatic.empresa.EmpresaTest" name="nao_deve_aceitar_numeroFuncionarios_com_numeros_invalidos2" time="0"/>
  <testcase classname="br.com.contmatic.empresa.EmpresaTest" name="nao_deve_aceitar_numeroFuncionarios_com_numeros_invalidos3" time="0"/>
  <testcase classname="br.com.contmatic.empresa.EmpresaTest" name="nao_deve_aceitar_numeroFuncionarios_com_numeros_invalidos4" time="0"/>
  <testcase classname="br.com.contmatic.empresa.EmpresaTest" name="nao_deve_aceitar_numeroFuncionarios_com_numeros_invalidos5" time="0"/>
  <testcase classname="br.com.contmatic.empresa.EmpresaTest" name="deve_apontar_igualdade_areaAtuacao" time="0"/>
  <testcase classname="br.com.contmatic.empresa.EmpresaTest" name="nao_deve_aceitar_areaAtuacao_nula" time="0"/>
  <testcase classname="br.com.contmatic.empresa.EmpresaTest" name="nao_deve_aceitar_cnpj_com_numeros_iguais_cinco" time="0"/>
  <testcase classname="br.com.contmatic.empresa.EmpresaTest" name="nao_deve_aceitar_numumeroFuncionarios_vazio" time="0"/>
  <testcase classname="br.com.contmatic.empresa.EmpresaTest" name="deve_aceitar_area_atuacao_valido" time="0"/>
  <testcase classname="br.com.contmatic.empresa.EmpresaTest" name="nao_deve_exceder_o_tempo_proposto" time="0"/>
  <testcase classname="br.com.contmatic.empresa.EmpresaTest" name="deve_aceitar_numeroFuncionarios_valido" time="0"/>
  <testcase classname="br.com.contmatic.empresa.EmpresaTest" name="nao_deve_aceitar_nomeFantasia_vazio" time="0"/>
  <testcase classname="br.com.contmatic.empresa.EmpresaTest" name="deve_apontar_igualdade_razaoSocial" time="0"/>
  <testcase classname="br.com.contmatic.empresa.EmpresaTest" name="deve_aceitar_nome_fantasia_valido" time="0"/>
  <testcase classname="br.com.contmatic.empresa.EmpresaTest" name="nao_deve_aceitar_numumeroFuncionarios_em_branco" time="0"/>
  <testcase classname="br.com.contmatic.empresa.EmpresaTest" name="nao_deve_aceitar_nomeFantasia_nulo" time="0"/>
  <testcase classname="br.com.contmatic.empresa.EmpresaTest" name="nao_deve_apontar_igualdade_cnpj" time="0"/>
  <testcase classname="br.com.contmatic.empresa.EnderecoTest" name="deve_aceitar_bairro_valido" time="0"/>
  <testcase classname="br.com.contmatic.empresa.EnderecoTest" name="deve_aceitar_cep_valido" time="0"/>
  <testcase classname="br.com.contmatic.empresa.EnderecoTest" name="deve_aceitar_logradouro_valido" time="0"/>
  <testcase classname="br.com.contmatic.empresa.EnderecoTest" name="deve_aceitar_municipio_valido" time="0"/>
  <testcase classname="br.com.contmatic.empresa.EnderecoTest" name="deve_aceitar_uf_valido" time="0"/>
  <testcase classname="br.com.contmatic.empresa.EnderecoTest" name="deve_apontar_igualdade_bairro" time="0"/>
  <testcase classname="br.com.contmatic.empresa.EnderecoTest" name="deve_apontar_igualdade_cep" time="0"/>
  <testcase classname="br.com.contmatic.empresa.EnderecoTest" name="deve_apontar_igualdade_de_objetos_utilizando_equals" time="0"/>
  <testcase classname="br.com.contmatic.empresa.EnderecoTest" name="deve_apontar_igualdade_de_objetos_utilizando_hashcode" time="0"/>
  <testcase classname="br.com.contmatic.empresa.EnderecoTest" name="deve_apontar_igualdade_logradouro" time="0"/>
  <testcase classname="br.com.contmatic.empresa.EnderecoTest" name="deve_apontar_igualdade_municipio" time="0"/>
  <testcase classname="br.com.contmatic.empresa.EnderecoTest" name="deve_apontar_igualdade_uf" time="0"/>
  <testcase classname="br.com.contmatic.empresa.EnderecoTest" name="deve_apresentar_os_dados_do_endereco_com_alteracoes" time="0"/>
  <testcase classname="br.com.contmatic.empresa.EnderecoTest" name="deve_apresentar_os_dados_do_endereco_no_console" time="0"/>
  <testcase classname="br.com.contmatic.empresa.EnderecoTest" name="nao_deve_aceitar_bairro_invalido" time="0"/>
  <testcase classname="br.com.contmatic.empresa.EnderecoTest" name="nao_deve_aceitar_bairro_nulo" time="0"/>
  <testcase classname="br.com.contmatic.empresa.EnderecoTest" name="nao_deve_aceitar_bairro_vazio" time="0"/>
  <testcase classname="br.com.contmatic.empresa.EnderecoTest" name="nao_deve_aceitar_cep_apenas_com_letras" time="0"/>
  <testcase classname="br.com.contmatic.empresa.EnderecoTest" name="nao_deve_aceitar_cep_com_menos_de_8_digitos" time="0"/>
  <testcase classname="br.com.contmatic.empresa.EnderecoTest" name="nao_deve_aceitar_cep_com_numero_e_letras" time="0"/>
  <testcase classname="br.com.contmatic.empresa.EnderecoTest" name="nao_deve_aceitar_cep_com_numeros_iguais" time="0"/>
  <testcase classname="br.com.contmatic.empresa.EnderecoTest" name="nao_deve_aceitar_cep_com_numeros_iguais1" time="0"/>
  <testcase classname="br.com.contmatic.empresa.EnderecoTest" name="nao_deve_aceitar_cep_com_numeros_iguais2" time="0"/>
  <testcase classname="br.com.contmatic.empresa.EnderecoTest" name="nao_deve_aceitar_cep_com_numeros_iguais3" time="0"/>
  <testcase classname="br.com.contmatic.empresa.EnderecoTest" name="nao_deve_aceitar_cep_com_numeros_iguais4" time="0"/>
  <testcase classname="br.com.contmatic.empresa.EnderecoTest" name="nao_deve_aceitar_cep_com_numeros_iguais5" time="0"/>
  <testcase classname="br.com.contmatic.empresa.EnderecoTest" name="nao_deve_aceitar_cep_com_numeros_iguais6" time="0"/>
  <testcase classname="br.com.contmatic.empresa.EnderecoTest" name="nao_deve_aceitar_cep_com_numeros_iguais7" time="0"/>
  <testcase classname="br.com.contmatic.empresa.EnderecoTest" name="nao_deve_aceitar_cep_com_numeros_iguais8" time="0"/>
  <testcase classname="br.com.contmatic.empresa.EnderecoTest" name="nao_deve_aceitar_cep_com_numeros_iguais9" time="0"/>
  <testcase classname="br.com.contmatic.empresa.EnderecoTest" name="nao_deve_aceitar_cep_em_branco" time="0"/>
  <testcase classname="br.com.contmatic.empresa.EnderecoTest" name="nao_deve_aceitar_cep_nulo" time="0"/>
  <testcase classname="br.com.contmatic.empresa.EnderecoTest" name="nao_deve_aceitar_cep_vazio" time="0"/>
  <testcase classname="br.com.contmatic.empresa.EnderecoTest" name="nao_deve_aceitar_cnpj_com_mais_de_8_digitos" time="0"/>
  <testcase classname="br.com.contmatic.empresa.EnderecoTest" name="nao_deve_aceitar_cnpj_com_numero_e_letras" time="0"/>
  <testcase classname="br.com.contmatic.empresa.EnderecoTest" name="nao_deve_aceitar_logradouro_invalido" time="0"/>
  <testcase classname="br.com.contmatic.empresa.EnderecoTest" name="nao_deve_aceitar_logradouro_nulo" time="0"/>
  <testcase classname="br.com.contmatic.empresa.EnderecoTest" name="nao_deve_aceitar_logradouro_vazio" time="0"/>
  <testcase classname="br.com.contmatic.empresa.EnderecoTest" name="nao_deve_aceitar_municipio_invalido" time="0"/>
  <testcase classname="br.com.contmatic.empresa.EnderecoTest" name="nao_deve_aceitar_municipio_nulo" time="0"/>
  <testcase classname="br.com.contmatic.empresa.EnderecoTest" name="nao_deve_aceitar_municipio_vazio" time="0"/>
  <testcase classname="br.com.contmatic.empresa.EnderecoTest" name="nao_deve_aceitar_uf_apenas_com_numeros" time="0"/>
  <testcase classname="br.com.contmatic.empresa.EnderecoTest" name="nao_deve_aceitar_uf_com_mais_de_2_digitos" time="0"/>
  <testcase classname="br.com.contmatic.empresa.EnderecoTest" name="nao_deve_aceitar_uf_com_menos_de_2_digitos" time="0"/>
  <testcase classname="br.com.contmatic.empresa.EnderecoTest" name="nao_deve_aceitar_uf_invalido" time="0"/>
  <testcase classname="br.com.contmatic.empresa.EnderecoTest" name="nao_deve_aceitar_uf_nulo" time="0"/>
  <testcase classname="br.com.contmatic.empresa.EnderecoTest" name="nao_deve_aceitar_uf_vazio" time="0"/>
  <testcase classname="br.com.contmatic.empresa.EnderecoTest" name="nao_deve_apontar_igualdade_bairro" time="0"/>
  <testcase classname="br.com.contmatic.empresa.EnderecoTest" name="nao_deve_apontar_igualdade_cep" time="0"/>
  <testcase classname="br.com.contmatic.empresa.EnderecoTest" name="nao_deve_apontar_igualdade_de_objetos_utilizando_equals" time="0"/>
  <testcase classname="br.com.contmatic.empresa.EnderecoTest" name="nao_deve_apontar_igualdade_de_objetos_utilizando_hashcode" time="0"/>
  <testcase classname="br.com.contmatic.empresa.EnderecoTest" name="nao_deve_apontar_igualdade_logradouro" time="0"/>
  <testcase classname="br.com.contmatic.empresa.EnderecoTest" name="nao_deve_apontar_igualdade_municipio" time="0"/>
  <testcase classname="br.com.contmatic.empresa.EnderecoTest" name="nao_deve_apontar_igualdade_uf" time="0"/>
  <testcase classname="br.com.contmatic.empresa.FuncionarioTest" name="deve_aceitar_cargo_valido" time="0"/>
  <testcase classname="br.com.contmatic.empresa.FuncionarioTest" name="deve_aceitar_email_valido" time="0"/>
  <testcase classname="br.com.contmatic.empresa.FuncionarioTest" name="deve_aceitar_nome_valido" time="0"/>
  <testcase classname="br.com.contmatic.empresa.FuncionarioTest" name="deve_aceitar_salario_valido" time="0"/>
  <testcase classname="br.com.contmatic.empresa.FuncionarioTest" name="deve_apontar_cpf_invalido" time="0"/>
  <testcase classname="br.com.contmatic.empresa.FuncionarioTest" name="deve_apontar_cpf_valido" time="0"/>
  <testcase classname="br.com.contmatic.empresa.FuncionarioTest" name="deve_apontar_igualdade_cpf" time="0"/>
  <testcase classname="br.com.contmatic.empresa.FuncionarioTest" name="deve_apontar_igualdade_de_objetos_utilizando_equals" time="0"/>
  <testcase classname="br.com.contmatic.empresa.FuncionarioTest" name="deve_apontar_igualdade_de_objetos_utilizando_hashcode" time="0"/>
  <testcase classname="br.com.contmatic.empresa.FuncionarioTest" name="deve_apontar_igualdade_email" time="0"/>
  <testcase classname="br.com.contmatic.empresa.FuncionarioTest" name="deve_apontar_igualdade_nome" time="0"/>
  <testcase classname="br.com.contmatic.empresa.FuncionarioTest" name="deve_apontar_igualdade_sobrenome" time="0"/>
  <testcase classname="br.com.contmatic.empresa.FuncionarioTest" name="deve_apresentar_os_dados_do_funcionario_com_alteracoes" time="0"/>
  <testcase classname="br.com.contmatic.empresa.FuncionarioTest" name="deve_apresentar_os_dados_do_funcionario_no_console" time="0"/>
  <testcase classname="br.com.contmatic.empresa.FuncionarioTest" name="nao_deve_aceitar_cargo_apenas_com_numeros" time="0"/>
  <testcase classname="br.com.contmatic.empresa.FuncionarioTest" name="nao_deve_aceitar_cargo_com_apenas_uma_leta" time="0"/>
  <testcase classname="br.com.contmatic.empresa.FuncionarioTest" name="nao_deve_aceitar_cargo_com_numero_e_letras" time="0"/>
  <testcase classname="br.com.contmatic.empresa.FuncionarioTest" name="nao_deve_aceitar_cargo_em_branco" time="0"/>
  <testcase classname="br.com.contmatic.empresa.FuncionarioTest" name="nao_deve_aceitar_cargo_nulo" time="0"/>
  <testcase classname="br.com.contmatic.empresa.FuncionarioTest" name="nao_deve_aceitar_cargo_vazio" time="0"/>
  <testcase classname="br.com.contmatic.empresa.FuncionarioTest" name="nao_deve_aceitar_cpf_apenas_com_letras" time="0"/>
  <testcase classname="br.com.contmatic.empresa.FuncionarioTest" name="nao_deve_aceitar_cpf_com_mais_de_11_digitos" time="0"/>
  <testcase classname="br.com.contmatic.empresa.FuncionarioTest" name="nao_deve_aceitar_cpf_com_menos_de_11_digitos" time="0"/>
  <testcase classname="br.com.contmatic.empresa.FuncionarioTest" name="nao_deve_aceitar_cpf_com_numero_e_letras" time="0"/>
  <testcase classname="br.com.contmatic.empresa.FuncionarioTest" name="nao_deve_aceitar_cpf_com_numeros_iguais_cinco" time="0"/>
  <testcase classname="br.com.contmatic.empresa.FuncionarioTest" name="nao_deve_aceitar_cpf_com_numeros_iguais_dois" time="0"/>
  <testcase classname="br.com.contmatic.empresa.FuncionarioTest" name="nao_deve_aceitar_cpf_com_numeros_iguais_nove" time="0"/>
  <testcase classname="br.com.contmatic.empresa.FuncionarioTest" name="nao_deve_aceitar_cpf_com_numeros_iguais_oito" time="0"/>
  <testcase classname="br.com.contmatic.empresa.FuncionarioTest" name="nao_deve_aceitar_cpf_com_numeros_iguais_quatro" time="0"/>
  <testcase classname="br.com.contmatic.empresa.FuncionarioTest" name="nao_deve_aceitar_cpf_com_numeros_iguais_seis" time="0"/>
  <testcase classname="br.com.contmatic.empresa.FuncionarioTest" name="nao_deve_aceitar_cpf_com_numeros_iguais_sete" time="0"/>
  <testcase classname="br.com.contmatic.empresa.FuncionarioTest" name="nao_deve_aceitar_cpf_com_numeros_iguais_tres" time="0"/>
  <testcase classname="br.com.contmatic.empresa.FuncionarioTest" name="nao_deve_aceitar_cpf_com_numeros_iguais_um" time="0"/>
  <testcase classname="br.com.contmatic.empresa.FuncionarioTest" name="nao_deve_aceitar_cpf_com_numeros_iguais_zero" time="0"/>
  <testcase classname="br.com.contmatic.empresa.FuncionarioTest" name="nao_deve_aceitar_cpf_em_branco" time="0"/>
  <testcase classname="br.com.contmatic.empresa.FuncionarioTest" name="nao_deve_aceitar_cpf_nulo" time="0"/>
  <testcase classname="br.com.contmatic.empresa.FuncionarioTest" name="nao_deve_aceitar_cpf_vazio" time="0"/>
  <testcase classname="br.com.contmatic.empresa.FuncionarioTest" name="nao_deve_aceitar_email_em_branco" time="0"/>
  <testcase classname="br.com.contmatic.empresa.FuncionarioTest" name="nao_deve_aceitar_email_invalido" time="0"/>
  <testcase classname="br.com.contmatic.empresa.FuncionarioTest" name="nao_deve_aceitar_email_nulo" time="0"/>
  <testcase classname="br.com.contmatic.empresa.FuncionarioTest" name="nao_deve_aceitar_email_vazio" time="0"/>
  <testcase classname="br.com.contmatic.empresa.FuncionarioTest" name="nao_deve_aceitar_nome_apenas_com_numeros" time="0"/>
  <testcase classname="br.com.contmatic.empresa.FuncionarioTest" name="nao_deve_aceitar_nome_com_apenas_uma_leta" time="0.016"/>
  <testcase classname="br.com.contmatic.empresa.FuncionarioTest" name="nao_deve_aceitar_nome_com_numero_e_letras" time="0"/>
  <testcase classname="br.com.contmatic.empresa.FuncionarioTest" name="nao_deve_aceitar_nome_em_branco" time="0"/>
  <testcase classname="br.com.contmatic.empresa.FuncionarioTest" name="nao_deve_aceitar_nome_maior_que_15_caracteres" time="0"/>
  <testcase classname="br.com.contmatic.empresa.FuncionarioTest" name="nao_deve_aceitar_nome_nulo" time="0"/>
  <testcase classname="br.com.contmatic.empresa.FuncionarioTest" name="nao_deve_aceitar_nome_vazio" time="0"/>
  <testcase classname="br.com.contmatic.empresa.FuncionarioTest" name="nao_deve_aceitar_salario_invalido" time="0"/>
  <testcase classname="br.com.contmatic.empresa.FuncionarioTest" name="nao_deve_aceitar_salario_menor_ou_igual_zero" time="0"/>
  <testcase classname="br.com.contmatic.empresa.FuncionarioTest" name="nao_deve_aceitar_salario_nulo" time="0"/>
  <testcase classname="br.com.contmatic.empresa.FuncionarioTest" name="nao_deve_aceitar_sobrenome_apenas_com_numeros" time="0"/>
  <testcase classname="br.com.contmatic.empresa.FuncionarioTest" name="nao_deve_aceitar_sobrenome_com_apenas_uma_leta" time="0"/>
  <testcase classname="br.com.contmatic.empresa.FuncionarioTest" name="nao_deve_aceitar_sobrenome_com_numero_e_letras" time="0"/>
  <testcase classname="br.com.contmatic.empresa.FuncionarioTest" name="nao_deve_aceitar_sobrenome_em_branco" time="0"/>
  <testcase classname="br.com.contmatic.empresa.FuncionarioTest" name="nao_deve_aceitar_sobrenome_maior_que_30_caracteres" time="0"/>
  <testcase classname="br.com.contmatic.empresa.FuncionarioTest" name="nao_deve_aceitar_sobrenome_nulo" time="0"/>
  <testcase classname="br.com.contmatic.empresa.FuncionarioTest" name="nao_deve_aceitar_sobrenome_vazio" time="0"/>
  <testcase classname="br.com.contmatic.empresa.FuncionarioTest" name="nao_deve_apontar_igualdade_cpf" time="0"/>
  <testcase classname="br.com.contmatic.empresa.FuncionarioTest" name="nao_deve_apontar_igualdade_de_objetos_utilizando_equals" time="0"/>
  <testcase classname="br.com.contmatic.empresa.FuncionarioTest" name="nao_deve_apontar_igualdade_de_objetos_utilizando_hashcode" time="0"/>
  <testcase classname="br.com.contmatic.empresa.FuncionarioTest" name="nao_deve_apontar_igualdade_email" time="0"/>
  <testcase classname="br.com.contmatic.empresa.FuncionarioTest" name="nao_deve_apontar_igualdade_nome" time="0"/>
  <testcase classname="br.com.contmatic.empresa.FuncionarioTest" name="nao_deve_apontar_igualdade_sobrenome" time="0"/>
  <testcase classname="br.com.contmatic.empresa.TelefoneTest" name="deve_apontar_igualdade_de_objetos_utilizando_equals" time="0"/>
  <testcase classname="br.com.contmatic.empresa.TelefoneTest" name="deve_apontar_igualdade_de_objetos_utilizando_hashcode" time="0"/>
  <testcase classname="br.com.contmatic.empresa.TelefoneTest" name="deve_apresentar_os_dados_do_telefone_com_alteracoes" time="0"/>
  <testcase classname="br.com.contmatic.empresa.TelefoneTest" name="deve_apresentar_os_dados_do_telefone_no_console" time="0"/>
  <testcase classname="br.com.contmatic.empresa.TelefoneTest" name="deve_indicar_ddd_invalido" time="0"/>
  <testcase classname="br.com.contmatic.empresa.TelefoneTest" name="nao_deve_aceitar_ddd_com_1_digito" time="0"/>
  <testcase classname="br.com.contmatic.empresa.TelefoneTest" name="nao_deve_aceitar_ddd_com_3_digitos" time="0"/>
  <testcase classname="br.com.contmatic.empresa.TelefoneTest" name="nao_deve_aceitar_ddd_nulo" time="0"/>
  <testcase classname="br.com.contmatic.empresa.TelefoneTest" name="nao_deve_aceitar_numero_com_mais_de_9_digitos" time="0"/>
  <testcase classname="br.com.contmatic.empresa.TelefoneTest" name="nao_deve_aceitar_numero_com_menos_de_8_digitos" time="0"/>
  <testcase classname="br.com.contmatic.empresa.TelefoneTest" name="nao_deve_aceitar_numero_nulo" time="0"/>
  <testcase classname="br.com.contmatic.empresa.TelefoneTest" name="nao_deve_aceitar_tipo_em_branco" time="0"/>
  <testcase classname="br.com.contmatic.empresa.TelefoneTest" name="nao_deve_aceitar_tipo_nulo" time="0"/>
  <testcase classname="br.com.contmatic.empresa.TelefoneTest" name="nao_deve_aceitar_tipo_vazio" time="0"/>
  <testcase classname="br.com.contmatic.empresa.TelefoneTest" name="nao_deve_apontar_igualdade_de_objetos_utilizando_equals_ddd" time="0"/>
  <testcase classname="br.com.contmatic.empresa.TelefoneTest" name="nao_deve_apontar_igualdade_de_objetos_utilizando_equals_numero" time="0"/>
  <testcase classname="br.com.contmatic.empresa.TelefoneTest" name="nao_deve_apontar_igualdade_de_objetos_utilizando_hashcode" time="0"/>
</testsuite>